Arguments: 
  C:\Program Files\nodejs\node.exe C:\Users\resos\AppData\Roaming\npm\node_modules\yarn\bin\yarn.js add Home

PATH: 
  C:\Windows\system32;C:\Windows;C:\Windows\System32\Wbem;C:\Windows\System32\WindowsPowerShell\v1.0\;C:\Windows\System32\OpenSSH\;C:\Program Files\NVIDIA Corporation\NVIDIA NvDLISR;C:\Program Files (x86)\Microsoft SQL Server\Client SDK\ODBC\130\Tools\Binn\;C:\Program Files (x86)\Microsoft SQL Server\140\Tools\Binn\;C:\Program Files (x86)\Microsoft SQL Server\140\DTS\Binn\;C:\Program Files (x86)\Microsoft SQL Server\140\Tools\Binn\ManagementStudio\;C:\Program Files (x86)\NVIDIA Corporation\PhysX\Common;C:\Program Files\Git\cmd;C:\Program Files\dotnet\;C:\Program Files (x86)\dotnet\;C:\Program Files\Microsoft SQL Server\130\Tools\Binn\;C:\Program Files\Microsoft SQL Server\Client SDK\ODBC\170\Tools\Binn\;C:\Program Files\nodejs\;C:\Users\resos\AppData\Local\Microsoft\WindowsApps;C:\Users\resos\AppData\Local\Programs\Azure Data Studio\bin;C:\Users\resos\AppData\Local\Programs\Microsoft VS Code\bin;C:\Users\resos\.dotnet\tools;C:\Users\resos\AppData\Roaming\npm;

Yarn version: 
  1.16.0

Node version: 
  10.15.3

Platform: 
  win32 x64

Trace: 
  Error: https://registry.yarnpkg.com/Home: Not found
      at Request.params.callback [as _callback] (C:\Users\resos\AppData\Roaming\npm\node_modules\yarn\lib\cli.js:66091:18)
      at Request.self.callback (C:\Users\resos\AppData\Roaming\npm\node_modules\yarn\lib\cli.js:129590:22)
      at Request.emit (events.js:189:13)
      at Request.<anonymous> (C:\Users\resos\AppData\Roaming\npm\node_modules\yarn\lib\cli.js:130562:10)
      at Request.emit (events.js:189:13)
      at IncomingMessage.<anonymous> (C:\Users\resos\AppData\Roaming\npm\node_modules\yarn\lib\cli.js:130484:12)
      at Object.onceWrapper (events.js:277:13)
      at IncomingMessage.emit (events.js:194:15)
      at endReadableNT (_stream_readable.js:1125:12)
      at process._tickCallback (internal/process/next_tick.js:63:19)

npm manifest: 
  {
    "name": "vuejs-typescript",
    "version": "1.0.0",
    "description": "A Vue.js project",
    "author": "zaru <sakuraba@basicinc.jp>",
    "private": true,
    "scripts": {
      "dev": "webpack-dev-server --inline --progress --config build/webpack.dev.conf.js",
      "start": "npm run dev",
      "lint": "eslint --ext .js,.vue src",
      "build": "node build/build.js"
    },
    "dependencies": {
      "vue": "^2.6.10",
      "vue-class-component": "^7.1.0",
      "vue-property-decorator": "^8.1.1",
      "vue-router": "^3.0.6",
      "vuex": "^3.1.1",
      "vuex-class": "^0.3.2"
    },
    "devDependencies": {
      "autoprefixer": "^9.6.0",
      "babel-core": "^6.26.3",
      "babel-eslint": "^10.0.1",
      "babel-helper-vue-jsx-merge-props": "^2.0.3",
      "babel-loader": "^8.0.6",
      "babel-plugin-syntax-jsx": "^6.18.0",
      "babel-plugin-transform-runtime": "^6.23.0",
      "babel-plugin-transform-vue-jsx": "^3.7.0",
      "babel-preset-env": "^1.7.0",
      "babel-preset-stage-2": "^6.24.1",
      "chalk": "^2.4.2",
      "copy-webpack-plugin": "^5.0.3",
      "css-loader": "^2.1.1",
      "eslint": "^5.16.0",
      "eslint-config-standard": "^12.0.0",
      "eslint-friendly-formatter": "^4.0.1",
      "eslint-loader": "^2.1.2",
      "eslint-plugin-import": "^2.17.3",
      "eslint-plugin-node": "^9.1.0",
      "eslint-plugin-promise": "^4.1.1",
      "eslint-plugin-standard": "^4.0.0",
      "eslint-plugin-vue": "^5.2.2",
      "extract-text-webpack-plugin": "^3.0.2",
      "file-loader": "^4.0.0",
      "friendly-errors-webpack-plugin": "^1.7.0",
      "html-webpack-plugin": "^3.2.0",
      "node-notifier": "^5.4.0",
      "node-sass": "^4.12.0",
      "optimize-css-assets-webpack-plugin": "^5.0.1",
      "ora": "^3.4.0",
      "portfinder": "^1.0.20",
      "postcss-import": "^12.0.1",
      "postcss-loader": "^3.0.0",
      "postcss-url": "^8.0.0",
      "rimraf": "^2.6.3",
      "sass-loader": "^7.1.0",
      "semver": "^6.1.1",
      "shelljs": "^0.8.3",
      "ts-loader": "^6.0.2",
      "typescript": "^3.5.1",
      "uglifyjs-webpack-plugin": "^2.1.3",
      "url-loader": "^2.0.0",
      "vue-loader": "^15.7.0",
      "vue-style-loader": "^4.1.2",
      "vue-template-compiler": "^2.6.10",
      "webpack": "^4.33.0",
      "webpack-bundle-analyzer": "^3.3.2",
      "webpack-dev-server": "^3.7.1",
      "webpack-merge": "^4.2.1"
    },
    "engines": {
      "node": ">= 6.0.0",
      "npm": ">= 3.0.0"
    },
    "browserslist": [
      "> 1%",
      "last 2 versions",
      "not ie <= 8"
    ]
  }

yarn manifest: 
  No manifest

Lockfile: 
  No lockfile
